{"logTime": "0511/084442", "correlationVector":"6T2GTyW3/k55dPMOxt9ZMk.1","action":"SyncServerConnectionManagerRequest", "result":"SYNC_SERVER_OK", "context":{"environment":"Prod_southeastasia_prod-s01-065-apac-southeastasia", "migrationStage":"NotStarted", "server":"akswtt000000011"}}
{"logTime": "0511/084442", "correlationVector":"6T2GTyW3/k55dPMOxt9ZMk.2","action":"ProcessGetUpdates", "result":"Done", "context":{"dataType":"Encryption Keys", "deleted":"0", "process_failed_to_decrypt":"0", "process_pending_decryption":"0", "process_success":"1", "total":"1"}}
{"logTime": "0511/084443", "correlationVector":"2OI3Ho8fxj5Vv1x5KkE9tA","action":"SyncServerConnectionManagerRequest", "result":"SYNC_SERVER_OK", "context":{"environment":"", "migrationStage":"", "server":""}}
{"logTime": "0511/084443", "correlationVector":"2OI3Ho8fxj5Vv1x5KkE9tA.0","action":"EncryptionKeysFetcher.DownloadKeys:", "result":"Success", "context":Key count: 2, Last key timestamp: 2026-04-07T23:55:43Z}
{"logTime": "0511/084443", "correlationVector":"2OI3Ho8fxj5Vv1x5KkE9tA.1","action":"EncryptionKeysManager::SetEncryptionKeys:", "result":"Success", "context":Key names[2]:[uWQE6B17ECEHlzyXgXSzJusEkYJoy2es8dgWvTSPDaHULiAAqS1+oXVF3ZygBhwCV3LGe+AtHxBFADzR7BHFhw==][tuLzrFoXJsjOTDZe4+i1zIJfRdLfENO9mIBIT1j5kUZHddZkHG9a8X/hVrwE0DSyt97aO9m6Dvm9So6YG1NURA==]}
{"logTime": "0511/084443", "correlationVector":"2OI3Ho8fxj5Vv1x5KkE9tA.2","action":"EncryptionKeysManager::SetEncryptionKeysWithTimestamps:", "result":"Success", "context":Key timestamps[2]:[2025-09-06T11:49:20Z][2026-04-07T23:55:43Z]}
{"logTime": "0511/084443", "correlationVector":"6T2GTyW3/k55dPMOxt9ZMk","action":"Initial GetUpdates", "result":"", "context":Reason: NEW_CLIENT. cV=6T2GTyW3/k55dPMOxt9ZMk}
{"logTime": "0511/084443", "correlationVector":"6T2GTyW3/k55dPMOxt9ZMk.3","action":"GetUpdates Response", "result":"Success", "context":Received 1 update(s). cV=6T2GTyW3/k55dPMOxt9ZMk.0;server=akswtt000000011;cloudType=Consumer;environment=Prod_southeastasia_prod-s01-065-apac-southeastasia;migrationStage=NotStarted}
{"logTime": "0511/084443", "correlationVector":"JfdPuZX4iCGRnFaB38j4R2","action":"Initial GetUpdates", "result":"", "context":Reason: NEWLY_SUPPORTED_DATATYPE. cV=JfdPuZX4iCGRnFaB38j4R2}
{"logTime": "0511/084443", "correlationVector":"JfdPuZX4iCGRnFaB38j4R2.1","action":"SyncServerConnectionManagerRequest", "result":"SYNC_SERVER_OK", "context":{"environment":"Prod_southeastasia_prod-s01-065-apac-southeastasia", "migrationStage":"NotStarted", "server":"akswtt000000011"}}
{"logTime": "0511/084443", "correlationVector":"JfdPuZX4iCGRnFaB38j4R2.2","action":"ProcessGetUpdates", "result":"Done", "context":{"dataType":"Preferences", "deleted":"0", "process_failed_to_decrypt":"0", "process_pending_decryption":"0", "process_success":"39", "total":"39"}}
{"logTime": "0511/084443", "correlationVector":"JfdPuZX4iCGRnFaB38j4R2.3","action":"ProcessGetUpdates", "result":"Done", "context":{"dataType":"Passwords", "deleted":"0", "process_failed_to_decrypt":"0", "process_pending_decryption":"0", "process_success":"11", "total":"11"}}
{"logTime": "0511/084443", "correlationVector":"JfdPuZX4iCGRnFaB38j4R2.4","action":"ProcessGetUpdates", "result":"Done", "context":{"dataType":"Device Info", "deleted":"0", "process_failed_to_decrypt":"0", "process_pending_decryption":"0", "process_success":"8", "total":"8"}}
{"logTime": "0511/084443", "correlationVector":"JfdPuZX4iCGRnFaB38j4R2.5","action":"GetUpdates Response", "result":"Success", "context":Received 58 update(s). cV=JfdPuZX4iCGRnFaB38j4R2.0;server=akswtt000000011;cloudType=Consumer;environment=Prod_southeastasia_prod-s01-065-apac-southeastasia;migrationStage=NotStarted}
{"logTime": "0511/084443", "correlationVector":"O/CVduHyrBHpicPWnjE4Lw","action":"Initial GetUpdates", "result":"", "context":Reason: NEWLY_SUPPORTED_DATATYPE. cV=O/CVduHyrBHpicPWnjE4Lw}
{"logTime": "0511/084444", "correlationVector":"O/CVduHyrBHpicPWnjE4Lw.1","action":"SyncServerConnectionManagerRequest", "result":"SYNC_SERVER_OK", "context":{"environment":"Prod_southeastasia_prod-s01-065-apac-southeastasia", "migrationStage":"NotStarted", "server":"akswtt00000000b"}}
{"logTime": "0511/084444", "correlationVector":"O/CVduHyrBHpicPWnjE4Lw.2","action":"ProcessGetUpdates", "result":"Done", "context":{"dataType":"Bookmarks", "deleted":"0", "process_failed_to_decrypt":"0", "process_pending_decryption":"0", "process_success":"6", "total":"6"}}
{"logTime": "0511/084444", "correlationVector":"O/CVduHyrBHpicPWnjE4Lw.3","action":"GetUpdates Response", "result":"Success", "context":Received 6 update(s). cV=O/CVduHyrBHpicPWnjE4Lw.0;server=akswtt00000000b;cloudType=Consumer;environment=Prod_southeastasia_prod-s01-065-apac-southeastasia;migrationStage=NotStarted}
{"logTime": "0511/084444", "correlationVector":"RnsApio+7kvRuPNJSd904V","action":"Initial GetUpdates", "result":"", "context":Reason: NEWLY_SUPPORTED_DATATYPE. cV=RnsApio+7kvRuPNJSd904V}
{"logTime": "0511/084444", "correlationVector":"RnsApio+7kvRuPNJSd904V.1","action":"SyncServerConnectionManagerRequest", "result":"SYNC_SERVER_OK", "context":{"environment":"Prod_southeastasia_prod-s01-065-apac-southeastasia", "migrationStage":"NotStarted", "server":"akswtt00000000s"}}
{"logTime": "0511/084444", "correlationVector":"RnsApio+7kvRuPNJSd904V.2","action":"ProcessGetUpdates", "result":"Done", "context":{"dataType":"Autofill Profiles", "deleted":"0", "process_failed_to_decrypt":"0", "process_pending_decryption":"0", "process_success":"2", "total":"2"}}
{"logTime": "0511/084444", "correlationVector":"RnsApio+7kvRuPNJSd904V.3","action":"ProcessGetUpdates", "result":"Done", "context":{"dataType":"Autofill", "deleted":"0", "process_failed_to_decrypt":"0", "process_pending_decryption":"0", "process_success":"35", "total":"35"}}
{"logTime": "0511/084444", "correlationVector":"RnsApio+7kvRuPNJSd904V.4","action":"ProcessGetUpdates", "result":"Done", "context":{"dataType":"Extensions", "deleted":"0", "process_failed_to_decrypt":"0", "process_pending_decryption":"0", "process_success":"1", "total":"1"}}
{"logTime": "0511/084444", "correlationVector":"RnsApio+7kvRuPNJSd904V.5","action":"ProcessGetUpdates", "result":"Done", "context":{"dataType":"Sessions", "deleted":"93", "process_failed_to_decrypt":"0", "process_pending_decryption":"0", "process_success":"107", "total":"107"}}
{"logTime": "0511/084444", "correlationVector":"RnsApio+7kvRuPNJSd904V.6","action":"ProcessGetUpdates", "result":"Done", "context":{"dataType":"Edge Hub App Usage", "deleted":"2", "process_failed_to_decrypt":"0", "process_pending_decryption":"0", "process_success":"7", "total":"7"}}
{"logTime": "0511/084444", "correlationVector":"RnsApio+7kvRuPNJSd904V.7","action":"GetUpdates Response", "result":"Success", "context":Received 152 update(s). cV=RnsApio+7kvRuPNJSd904V.0;server=akswtt00000000s;cloudType=Consumer;environment=Prod_southeastasia_prod-s01-065-apac-southeastasia;migrationStage=NotStarted}
{"logTime": "0511/084444", "correlationVector":"zNqR89z70418SnZtkjLZgU","action":"Initial GetUpdates", "result":"", "context":Reason: NEWLY_SUPPORTED_DATATYPE. cV=zNqR89z70418SnZtkjLZgU}
{"logTime": "0511/084445", "correlationVector":"zNqR89z70418SnZtkjLZgU.1","action":"SyncServerConnectionManagerRequest", "result":"SYNC_SERVER_OK", "context":{"environment":"Prod_southeastasia_prod-s01-065-apac-southeastasia", "migrationStage":"NotStarted", "server":"akswtt00000000f"}}
{"logTime": "0511/084445", "correlationVector":"zNqR89z70418SnZtkjLZgU.2","action":"ProcessGetUpdates", "result":"Done", "context":{"dataType":"History", "deleted":"0", "process_failed_to_decrypt":"0", "process_pending_decryption":"0", "process_success":"250", "total":"250"}}
{"logTime": "0511/084445", "correlationVector":"zNqR89z70418SnZtkjLZgU.3","action":"GetUpdates Response", "result":"Success", "context":Received 250 update(s). cV=zNqR89z70418SnZtkjLZgU.0;server=akswtt00000000f;cloudType=Consumer;environment=Prod_southeastasia_prod-s01-065-apac-southeastasia;migrationStage=NotStarted Some updates remain.}
{"logTime": "0511/084445", "correlationVector":"HSdZbbnR4M8vNpofhdlaYY","action":"Initial GetUpdates", "result":"", "context":Reason: NEWLY_SUPPORTED_DATATYPE. cV=HSdZbbnR4M8vNpofhdlaYY}
{"logTime": "0511/084447", "correlationVector":"HSdZbbnR4M8vNpofhdlaYY.1","action":"SyncServerConnectionManagerRequest", "result":"SYNC_SERVER_OK", "context":{"environment":"Prod_southeastasia_prod-s01-065-apac-southeastasia", "migrationStage":"NotStarted", "server":"akswtt000000011"}}
{"logTime": "0511/084447", "correlationVector":"HSdZbbnR4M8vNpofhdlaYY.2","action":"ProcessGetUpdates", "result":"Done", "context":{"dataType":"History", "deleted":"0", "process_failed_to_decrypt":"0", "process_pending_decryption":"0", "process_success":"250", "total":"250"}}
{"logTime": "0511/084447", "correlationVector":"HSdZbbnR4M8vNpofhdlaYY.3","action":"GetUpdates Response", "result":"Success", "context":Received 250 update(s). cV=HSdZbbnR4M8vNpofhdlaYY.0;server=akswtt000000011;cloudType=Consumer;environment=Prod_southeastasia_prod-s01-065-apac-southeastasia;migrationStage=NotStarted Some updates remain.}
{"logTime": "0511/084447", "correlationVector":"DMHJrOr5srtadUC4s99SAZ","action":"Initial GetUpdates", "result":"", "context":Reason: NEWLY_SUPPORTED_DATATYPE. cV=DMHJrOr5srtadUC4s99SAZ}
{"logTime": "0511/084447", "correlationVector":"DMHJrOr5srtadUC4s99SAZ.1","action":"SyncServerConnectionManagerRequest", "result":"SYNC_SERVER_OK", "context":{"environment":"Prod_southeastasia_prod-s01-065-apac-southeastasia", "migrationStage":"NotStarted", "server":"akswtt00000000a"}}
{"logTime": "0511/084447", "correlationVector":"DMHJrOr5srtadUC4s99SAZ.2","action":"ProcessGetUpdates", "result":"Done", "context":{"dataType":"History", "deleted":"0", "process_failed_to_decrypt":"0", "process_pending_decryption":"0", "process_success":"80", "total":"80"}}
{"logTime": "0511/084447", "correlationVector":"DMHJrOr5srtadUC4s99SAZ.3","action":"GetUpdates Response", "result":"Success", "context":Received 80 update(s). cV=DMHJrOr5srtadUC4s99SAZ.0;server=akswtt00000000a;cloudType=Consumer;environment=Prod_southeastasia_prod-s01-065-apac-southeastasia;migrationStage=NotStarted}
{"logTime": "0511/084447", "correlationVector":"PYHyi1qMVUkZV3cknTpaRq","action":"Normal GetUpdate request", "result":"", "context":cV=PYHyi1qMVUkZV3cknTpaRq
Nudged types: Sessions, Device Info, User Consents
Refresh requested types: Bookmarks, Preferences, Passwords, Autofill Profiles, Autofill, Extensions, Sessions, Extension settings, History Delete Directives, Device Info, User Consents, Send Tab To Self, Web Apps, History, Saved Tab Group, WebAuthn Credentials, Collection, Edge E Drop, Edge Hub App Usage, Edge Wallet, Edge Workspace, Encryption Keys}
{"logTime": "0511/084449", "correlationVector":"PYHyi1qMVUkZV3cknTpaRq.1","action":"SyncServerConnectionManagerRequest", "result":"SYNC_SERVER_OK", "context":{"environment":"Prod_southeastasia_prod-s01-065-apac-southeastasia", "migrationStage":"NotStarted", "server":"akswtt00000000p"}}
{"logTime": "0511/084449", "correlationVector":"PYHyi1qMVUkZV3cknTpaRq.2","action":"GetUpdates Response", "result":"Success", "context":Received 0 update(s). cV=PYHyi1qMVUkZV3cknTpaRq.0;server=akswtt00000000p;cloudType=Consumer;environment=Prod_southeastasia_prod-s01-065-apac-southeastasia;migrationStage=NotStarted}
{"logTime": "0511/084449", "correlationVector":"gomh1fLSZIryTrXGmebTbq","action":"DoCompareDataConsistency requsted types: ", "result":"Bookmarks, Preferences, Passwords, Extensions, Extension settings, History Delete Directives, Send Tab To Self, Web Apps, History, Saved Tab Group, WebAuthn Credentials, Collection, Edge E Drop, Edge Wallet, Edge Workspace, Encryption Keys"}
{"logTime": "0511/084449", "correlationVector":"gomh1fLSZIryTrXGmebTbq.0","action":"CompareDataConsistency result: ", "result":"Compare result: Encryption Keys is consistent. local entities count is: 1 local entities hash is: N3/7GuLSjuSzo+csIYvxXcRiaUo="}
{"logTime": "0511/084449", "correlationVector":"gomh1fLSZIryTrXGmebTbq.1","action":"CompareDataConsistency result: ", "result":"Compare result: Bookmarks is consistent. local entities count is: 0 local entities hash is: "}
{"logTime": "0511/084449", "correlationVector":"gomh1fLSZIryTrXGmebTbq.2","action":"CompareDataConsistency result: ", "result":"Compare result: Preferences is consistent. local entities count is: 39 local entities hash is: gH5nI14uMj+0Vnr8SEYz9ZQSTrM="}
{"logTime": "0511/084449", "correlationVector":"gomh1fLSZIryTrXGmebTbq.3","action":"CompareDataConsistency result: ", "result":"Compare result: Extensions is consistent. local entities count is: 1 local entities hash is: z0NIocGadRcbOjuXlGgh3PqINWE="}
{"logTime": "0511/084449", "correlationVector":"gomh1fLSZIryTrXGmebTbq.4","action":"CompareDataConsistency result: ", "result":"Compare result: Extension settings is consistent. local entities count is: 0 local entities hash is: "}
{"logTime": "0511/084449", "correlationVector":"gomh1fLSZIryTrXGmebTbq.5","action":"CompareDataConsistency result: ", "result":"Compare result: History Delete Directives is consistent. local entities count is: 0 local entities hash is: "}
{"logTime": "0511/084449", "correlationVector":"gomh1fLSZIryTrXGmebTbq.6","action":"CompareDataConsistency result: ", "result":"Server did not send this Send Tab To Self local entities count is: 0 local entities hash is: "}
{"logTime": "0511/084449", "correlationVector":"gomh1fLSZIryTrXGmebTbq.7","action":"CompareDataConsistency result: ", "result":"Compare result: Web Apps is consistent. local entities count is: 0 local entities hash is: "}
{"logTime": "0511/084449", "correlationVector":"gomh1fLSZIryTrXGmebTbq.8","action":"CompareDataConsistency result: ", "result":"Server did not send this History local entities count is: 0 local entities hash is: "}
{"logTime": "0511/084449", "correlationVector":"gomh1fLSZIryTrXGmebTbq.9","action":"CompareDataConsistency result: ", "result":"Compare result: Saved Tab Group is consistent. local entities count is: 0 local entities hash is: "}
{"logTime": "0511/084449", "correlationVector":"gomh1fLSZIryTrXGmebTbq.10","action":"CompareDataConsistency result: ", "result":"Server did not send this WebAuthn Credentials local entities count is: 0 local entities hash is: "}
{"logTime": "0511/084449", "correlationVector":"gomh1fLSZIryTrXGmebTbq.11","action":"CompareDataConsistency result: ", "result":"Compare result: Collection is consistent. local entities count is: 0 local entities hash is: "}
{"logTime": "0511/084449", "correlationVector":"gomh1fLSZIryTrXGmebTbq.12","action":"CompareDataConsistency result: ", "result":"Compare result: Edge E Drop is consistent. local entities count is: 0 local entities hash is: "}
{"logTime": "0511/084449", "correlationVector":"gomh1fLSZIryTrXGmebTbq.13","action":"CompareDataConsistency result: ", "result":"Compare result: Edge Wallet is consistent. local entities count is: 0 local entities hash is: "}
{"logTime": "0511/084449", "correlationVector":"gomh1fLSZIryTrXGmebTbq.14","action":"CompareDataConsistency result: ", "result":"Server did not send this Edge Workspace local entities count is: 0 local entities hash is: "}
{"logTime": "0511/084449", "correlationVector":"gomh1fLSZIryTrXGmebTbq.15","action":"CompareDataConsistency result: ", "result":"Compare result: Passwords is consistent. local entities count is: 11 local entities hash is: dGRzlctflD1k91bPoizfCmtm/yc="}
{"logTime": "0511/084449", "correlationVector":"zcncK3ScAdxEqW+ZnD6znR","action":"Commit Request", "result":"", "context":Item count: 3
Contributing types: Sessions, Device Info, User Consents}
{"logTime": "0511/084451", "correlationVector":"zcncK3ScAdxEqW+ZnD6znR.1","action":"SyncServerConnectionManagerRequest", "result":"SYNC_SERVER_OK", "context":{"environment":"Prod_southeastasia_prod-s01-065-apac-southeastasia", "migrationStage":"NotStarted", "server":"akswtt00000000p"}}
{"logTime": "0511/084451", "correlationVector":"zcncK3ScAdxEqW+ZnD6znR.2","action":"Commit Response", "result":"Success", "context":Result: Success. cV=zcncK3ScAdxEqW+ZnD6znR.0;server=akswtt00000000p;cloudType=Consumer;environment=Prod_southeastasia_prod-s01-065-apac-southeastasia;migrationStage=NotStarted}
{"logTime": "0511/084451", "correlationVector":"","action":"DIAGNOSTIC_REQUEST|v1/diagnosticData/Diagnostic.SendCheckResult()|SUCCESS", "result":""}
{"logTime": "0511/085523", "correlationVector":"sk61i8f88el3sCbwLONW4R","action":"Normal GetUpdate request", "result":"", "context":cV=sk61i8f88el3sCbwLONW4R
Nudged types: History
Refresh requested types: Bookmarks, Preferences, Passwords, Autofill Profiles, Autofill, Extensions, Sessions, Extension settings, History Delete Directives, Device Info, User Consents, Send Tab To Self, Web Apps, History, Saved Tab Group, WebAuthn Credentials, Collection, Edge E Drop, Edge Hub App Usage, Edge Wallet, Edge Workspace, Encryption Keys}
{"logTime": "0511/085527", "correlationVector":"sk61i8f88el3sCbwLONW4R.1","action":"SyncServerConnectionManagerRequest", "result":"SYNC_SERVER_OK", "context":{"environment":"Prod_southeastasia_prod-s01-065-apac-southeastasia", "migrationStage":"NotStarted", "server":"akswtt00000000m"}}
{"logTime": "0511/085527", "correlationVector":"sk61i8f88el3sCbwLONW4R.2","action":"ProcessGetUpdates", "result":"Done", "context":{"dataType":"Sessions", "deleted":"0", "process_failed_to_decrypt":"0", "process_pending_decryption":"0", "process_success":"1", "total":"1"}}
{"logTime": "0511/085527", "correlationVector":"sk61i8f88el3sCbwLONW4R.3","action":"ProcessGetUpdates", "result":"Done", "context":{"dataType":"Device Info", "deleted":"0", "process_failed_to_decrypt":"0", "process_pending_decryption":"0", "process_success":"1", "total":"1"}}
{"logTime": "0511/085527", "correlationVector":"sk61i8f88el3sCbwLONW4R.4","action":"GetUpdates Response", "result":"Success", "context":Received 2 update(s). cV=sk61i8f88el3sCbwLONW4R.0;server=akswtt00000000m;cloudType=Consumer;environment=Prod_southeastasia_prod-s01-065-apac-southeastasia;migrationStage=NotStarted}
{"logTime": "0511/085527", "correlationVector":"uxaqMw/qLaf1m+tUfmP0LN","action":"Commit Request", "result":"", "context":Item count: 3
Contributing types: Sessions, History}
{"logTime": "0511/085530", "correlationVector":"uxaqMw/qLaf1m+tUfmP0LN.1","action":"SyncServerConnectionManagerRequest", "result":"SYNC_SERVER_OK", "context":{"environment":"Prod_southeastasia_prod-s01-065-apac-southeastasia", "migrationStage":"NotStarted", "server":"akswtt00000000m"}}
{"logTime": "0511/085530", "correlationVector":"uxaqMw/qLaf1m+tUfmP0LN.2","action":"Commit Response", "result":"Success", "context":Result: Success. cV=uxaqMw/qLaf1m+tUfmP0LN.0;server=akswtt00000000m;cloudType=Consumer;environment=Prod_southeastasia_prod-s01-065-apac-southeastasia;migrationStage=NotStarted}
{"logTime": "0511/085619", "correlationVector":"stLCl60P1PeSVgFkawDS27","action":"Commit Request", "result":"", "context":Item count: 11
Contributing types: Passwords}
{"logTime": "0511/085631", "correlationVector":"stLCl60P1PeSVgFkawDS27.1","action":"SyncServerConnectionManagerRequest", "result":"SYNC_SERVER_OK", "context":{"environment":"Prod_southeastasia_prod-s01-065-apac-southeastasia", "migrationStage":"NotStarted", "server":"akswtt00000000k"}}
{"logTime": "0511/085631", "correlationVector":"stLCl60P1PeSVgFkawDS27.2","action":"Commit Response", "result":"Success", "context":Result: Success. cV=stLCl60P1PeSVgFkawDS27.0;server=akswtt00000000k;cloudType=Consumer;environment=Prod_southeastasia_prod-s01-065-apac-southeastasia;migrationStage=NotStarted}
