2026-05-11 08:44:37.175: [INFO][Sync] Reset engine, reason: 8
2026-05-11 08:44:37.175: [INFO][Sync] Stopped: Bookmarks
2026-05-11 08:44:37.175: [INFO][Sync] Stopped: Preferences
2026-05-11 08:44:37.175: [INFO][Sync] Stopped: Passwords
2026-05-11 08:44:37.175: [INFO][Sync] Stopped: Autofill Profiles
2026-05-11 08:44:37.175: [INFO][Sync] Stopped: Autofill
2026-05-11 08:44:37.175: [INFO][Sync] Stopped: Extensions
2026-05-11 08:44:37.175: [INFO][Sync] Stopped: Sessions
2026-05-11 08:44:37.175: [INFO][Sync] Stopped: Extension settings
2026-05-11 08:44:37.175: [INFO][Sync] Stopped: History Delete Directives
2026-05-11 08:44:37.175: [INFO][Sync] Stopped: Device Info
2026-05-11 08:44:37.175: [INFO][Sync] Stopped: User Consents
2026-05-11 08:44:37.175: [INFO][Sync] Stopped: Send Tab To Self
2026-05-11 08:44:37.175: [INFO][Sync] Stopped: Web Apps
2026-05-11 08:44:37.175: [INFO][Sync] Stopped: History
2026-05-11 08:44:37.175: [INFO][Sync] Stopped: Saved Tab Group
2026-05-11 08:44:37.175: [INFO][Sync] Stopped: WebAuthn Credentials
2026-05-11 08:44:37.175: [INFO][Sync] Stopped: Collection
2026-05-11 08:44:37.175: [INFO][Sync] Stopped: Edge E Drop
2026-05-11 08:44:37.175: [INFO][Sync] Stopped: Edge Hub App Usage
2026-05-11 08:44:37.175: [INFO][Sync] Stopped: Edge Journey
2026-05-11 08:44:37.175: [INFO][Sync] Stopped: Edge Wallet
2026-05-11 08:44:37.175: [INFO][Sync] Stopped: Edge Workspace
2026-05-11 08:44:37.176: [INFO][Sync] SyncState after authenticated was: NotSignedIn
2026-05-11 08:44:37.333: [INFO][Sync] Reset engine, reason: 8
2026-05-11 08:44:37.333: [INFO][Sync] Stopped: Bookmarks
2026-05-11 08:44:37.333: [INFO][Sync] Stopped: Preferences
2026-05-11 08:44:37.333: [INFO][Sync] Stopped: Passwords
2026-05-11 08:44:37.334: [INFO][Sync] Stopped: Autofill Profiles
2026-05-11 08:44:37.334: [INFO][Sync] Stopped: Autofill
2026-05-11 08:44:37.334: [INFO][Sync] Stopped: Extensions
2026-05-11 08:44:37.334: [INFO][Sync] Stopped: Sessions
2026-05-11 08:44:37.334: [INFO][Sync] Stopped: Extension settings
2026-05-11 08:44:37.334: [INFO][Sync] Stopped: History Delete Directives
2026-05-11 08:44:37.334: [INFO][Sync] Stopped: Device Info
2026-05-11 08:44:37.334: [INFO][Sync] Stopped: User Consents
2026-05-11 08:44:37.334: [INFO][Sync] Stopped: Send Tab To Self
2026-05-11 08:44:37.334: [INFO][Sync] Stopped: Web Apps
2026-05-11 08:44:37.334: [INFO][Sync] Stopped: History
2026-05-11 08:44:37.334: [INFO][Sync] Stopped: Saved Tab Group
2026-05-11 08:44:37.334: [INFO][Sync] Stopped: WebAuthn Credentials
2026-05-11 08:44:37.334: [INFO][Sync] Stopped: Collection
2026-05-11 08:44:37.334: [INFO][Sync] Stopped: Edge E Drop
2026-05-11 08:44:37.334: [INFO][Sync] Stopped: Edge Hub App Usage
2026-05-11 08:44:37.334: [INFO][Sync] Stopped: Edge Journey
2026-05-11 08:44:37.334: [INFO][Sync] Stopped: Edge Wallet
2026-05-11 08:44:37.334: [INFO][Sync] Stopped: Edge Workspace
2026-05-11 08:44:40.524: [INFO][Sync] Try to start sync engine
2026-05-11 08:44:40.525: [INFO][SyncManagerImpl::NudgeForInitialDownload] Initial download nudge for Encryption Keys
2026-05-11 08:44:40.525: [INFO][SyncEngineBackend::LoadAndConnectNigoriController] Load and connect Nigori controller
2026-05-11 08:44:40.525: [INFO][SyncEngineBackend::DoInitialize] Control Types added: Encryption Keys
2026-05-11 08:44:40.525: [INFO][SyncManagerImpl::ConfigureSyncer] Types to download: Encryption Keys with reason: 3
2026-05-11 08:44:40.525: [INFO][SyncSchedulerImpl::DoConfigurationSyncCycleJob] Configure job was blocked
2026-05-11 08:44:40.540: [INFO][SyncAuthManager::SetLastAuthError] Current auth error: None
2026-05-11 08:44:40.540: [INFO][SyncAuthManager::EdgeLogTokenErrorState] Token error with: None for account type: MSA
2026-05-11 08:44:40.540: [INFO][Sync] Credentials changed for: EdgeSyncScopeNew
2026-05-11 08:44:41.368: [INFO][SyncAuthManager::SetLastAuthError] Current auth error: None
2026-05-11 08:44:41.368: [INFO][SyncAuthManager::EdgeLogTokenErrorState] Token error with: None for account type: MSA
2026-05-11 08:44:41.368: [INFO][Sync] Credentials changed for: EdgeSyncKeyDataScope
2026-05-11 08:44:41.368: [INFO][SyncEngineBackend::DoUpdateKeyDataCredentials] Update key data credentials
2026-05-11 08:44:41.368: [INFO][SyncEngineBackend::DoUpdateCredentials] Update credentials
2026-05-11 08:44:41.368: [INFO][SyncSchedulerImpl::DoConfigurationSyncCycleJob] Blocked types:  and types to download: Encryption Keys
2026-05-11 08:44:42.357: [INFO][Sync] Started DataTypeManager configuration, reason: 4
2026-05-11 08:44:42.357: [INFO][Sync] Configuring for: Bookmarks, Preferences, Passwords, Autofill Profiles, Autofill, Extensions, Sessions, Extension settings, History Delete Directives, Device Info, User Consents, Send Tab To Self, Web Apps, History, Saved Tab Group, WebAuthn Credentials, Collection, Edge E Drop, Edge Hub App Usage, Edge Wallet, Edge Workspace, Encryption Keys, reason: 3, current state: 0
2026-05-11 08:44:42.357: [WARN][Sync] Crypto error data types: Passwords, Autofill Profiles, Autofill
2026-05-11 08:44:42.357: [INFO][Sync] Configure, desired: Bookmarks, Preferences, Extensions, Sessions, Extension settings, History Delete Directives, Device Info, User Consents, Send Tab To Self, Web Apps, History, Saved Tab Group, WebAuthn Credentials, Collection, Edge E Drop, Edge Hub App Usage, Edge Wallet, Edge Workspace, Encryption Keys; Allow fail: Passwords, Autofill Profiles, Autofill
2026-05-11 08:44:42.357: [INFO][Sync] Loading: Bookmarks
2026-05-11 08:44:42.357: [INFO][Sync] Loading: Preferences
2026-05-11 08:44:42.357: [INFO][Sync] Loading: Extensions
2026-05-11 08:44:42.357: [INFO][Sync] Loading: Sessions
2026-05-11 08:44:42.357: [INFO][Sync] Loading: Extension settings
2026-05-11 08:44:42.357: [INFO][Sync] Loading: History Delete Directives
2026-05-11 08:44:42.357: [INFO][Sync] Loading: Device Info
2026-05-11 08:44:42.357: [INFO][Sync] Loading: User Consents
2026-05-11 08:44:42.357: [INFO][Sync] Loading: Send Tab To Self
2026-05-11 08:44:42.357: [INFO][Sync] Loading: Web Apps
2026-05-11 08:44:42.357: [INFO][Sync] Loading: History
2026-05-11 08:44:42.357: [INFO][Sync] Loading: Saved Tab Group
2026-05-11 08:44:42.357: [INFO][Sync] Loading: WebAuthn Credentials
2026-05-11 08:44:42.357: [INFO][Sync] Loading: Collection
2026-05-11 08:44:42.357: [INFO][Sync] Loading: Edge E Drop
2026-05-11 08:44:42.357: [INFO][Sync] Loading: Edge Hub App Usage
2026-05-11 08:44:42.357: [INFO][Sync] Loading: Edge Wallet
2026-05-11 08:44:42.357: [INFO][Sync] Loading: Edge Workspace
2026-05-11 08:44:42.358: [INFO][Sync] All data types are ready for configure.
2026-05-11 08:44:43.140: [INFO][Sync] Started DataTypeManager configuration, reason: 5
2026-05-11 08:44:43.140: [INFO][Sync] Configuring for: Bookmarks, Preferences, Passwords, Autofill Profiles, Autofill, Extensions, Sessions, Extension settings, History Delete Directives, Device Info, User Consents, Send Tab To Self, Web Apps, History, Saved Tab Group, WebAuthn Credentials, Collection, Edge E Drop, Edge Hub App Usage, Edge Wallet, Edge Workspace, Encryption Keys, reason: 5, current state: 1
2026-05-11 08:44:43.142: [INFO][SyncEngineBackend::DoStartConfiguration] Start configuration
2026-05-11 08:44:43.142: [INFO][SyncManagerImpl::NudgeForInitialDownload] Initial download nudge for Bookmarks
2026-05-11 08:44:43.142: [INFO][SyncManagerImpl::NudgeForInitialDownload] Initial download nudge for Preferences
2026-05-11 08:44:43.142: [INFO][SyncManagerImpl::NudgeForInitialDownload] Initial download nudge for Extensions
2026-05-11 08:44:43.142: [INFO][SyncManagerImpl::NudgeForInitialDownload] Initial download nudge for Sessions
2026-05-11 08:44:43.142: [INFO][SyncManagerImpl::NudgeForInitialDownload] Initial download nudge for Extension settings
2026-05-11 08:44:43.142: [INFO][SyncManagerImpl::NudgeForInitialDownload] Initial download nudge for History Delete Directives
2026-05-11 08:44:43.142: [INFO][SyncManagerImpl::NudgeForInitialDownload] Initial download nudge for Device Info
2026-05-11 08:44:43.142: [INFO][SyncManagerImpl::NudgeForInitialDownload] Initial download nudge for Send Tab To Self
2026-05-11 08:44:43.142: [INFO][SyncManagerImpl::NudgeForInitialDownload] Initial download nudge for Web Apps
2026-05-11 08:44:43.142: [INFO][SyncManagerImpl::NudgeForInitialDownload] Initial download nudge for History
2026-05-11 08:44:43.142: [INFO][SyncManagerImpl::NudgeForInitialDownload] Initial download nudge for Saved Tab Group
2026-05-11 08:44:43.142: [INFO][SyncManagerImpl::NudgeForInitialDownload] Initial download nudge for WebAuthn Credentials
2026-05-11 08:44:43.142: [INFO][SyncManagerImpl::NudgeForInitialDownload] Initial download nudge for Collection
2026-05-11 08:44:43.142: [INFO][SyncManagerImpl::NudgeForInitialDownload] Initial download nudge for Edge E Drop
2026-05-11 08:44:43.142: [INFO][SyncManagerImpl::NudgeForInitialDownload] Initial download nudge for Edge Hub App Usage
2026-05-11 08:44:43.142: [INFO][SyncManagerImpl::NudgeForInitialDownload] Initial download nudge for Edge Wallet
2026-05-11 08:44:43.142: [INFO][SyncManagerImpl::NudgeForInitialDownload] Initial download nudge for Edge Workspace
2026-05-11 08:44:43.142: [INFO][SyncManagerImpl::ConfigureSyncer] Types to download:  with reason: 3
2026-05-11 08:44:43.142: [INFO][SyncEngineBackend::DoFinishConfigureDataTypes] Failed to download types:  and succeeded types: 
2026-05-11 08:44:43.142: [INFO][Sync] ConfigurationDone, failed: , succeeded: , remaining count: 4
2026-05-11 08:44:43.142: [WARN][Sync]     Reconfigure requested while configuration ongoing.
2026-05-11 08:44:43.142: [INFO][Sync] Configuring for: Bookmarks, Preferences, Passwords, Autofill Profiles, Autofill, Extensions, Sessions, Extension settings, History Delete Directives, Device Info, User Consents, Send Tab To Self, Web Apps, History, Saved Tab Group, WebAuthn Credentials, Collection, Edge E Drop, Edge Hub App Usage, Edge Wallet, Edge Workspace, Encryption Keys, reason: 5, current state: 2
2026-05-11 08:44:43.142: [INFO][Sync] Configure, desired: Bookmarks, Preferences, Passwords, Autofill Profiles, Autofill, Extensions, Sessions, Extension settings, History Delete Directives, Device Info, User Consents, Send Tab To Self, Web Apps, History, Saved Tab Group, WebAuthn Credentials, Collection, Edge E Drop, Edge Hub App Usage, Edge Wallet, Edge Workspace, Encryption Keys; Allow fail: 
2026-05-11 08:44:43.142: [INFO][Sync] Loading: Passwords
2026-05-11 08:44:43.142: [INFO][Sync] Loading: Autofill Profiles
2026-05-11 08:44:43.142: [INFO][Sync] Loading: Autofill
2026-05-11 08:44:43.142: [INFO][Sync] All data types are ready for configure.
2026-05-11 08:44:43.142: [INFO][SyncManagerImpl::NudgeForInitialDownload] Initial download nudge for Passwords
2026-05-11 08:44:43.142: [INFO][SyncManagerImpl::NudgeForInitialDownload] Initial download nudge for Autofill Profiles
2026-05-11 08:44:43.142: [INFO][SyncManagerImpl::NudgeForInitialDownload] Initial download nudge for Autofill
2026-05-11 08:44:43.142: [INFO][SyncManagerImpl::ConfigureSyncer] Types to download:  with reason: 5
2026-05-11 08:44:43.142: [INFO][SyncEngineBackend::DoFinishConfigureDataTypes] Failed to download types:  and succeeded types: 
2026-05-11 08:44:43.142: [INFO][Sync] ConfigurationDone, failed: , succeeded: , remaining count: 4
2026-05-11 08:44:43.142: [INFO][Sync] Prepare to configure types: Preferences, Passwords, Device Info, Send Tab To Self, Edge E Drop, Encryption Keys
2026-05-11 08:44:43.142: [INFO][SyncManagerImpl::ConfigureSyncer] Types to download: Preferences, Passwords, Device Info, Send Tab To Self, Edge E Drop, Encryption Keys with reason: 5
2026-05-11 08:44:43.142: [INFO][SyncSchedulerImpl::DoConfigurationSyncCycleJob] Blocked types:  and types to download: Preferences, Passwords, Device Info, Send Tab To Self, Edge E Drop, Encryption Keys
2026-05-11 08:44:43.590: [INFO][SyncEngineBackend::DoFinishConfigureDataTypes] Failed to download types:  and succeeded types: Preferences, Passwords, Device Info, Send Tab To Self, Edge E Drop, Encryption Keys
2026-05-11 08:44:43.596: [INFO][Sync] ConfigurationDone, failed: , succeeded: Preferences, Passwords, Device Info, Send Tab To Self, Edge E Drop, Encryption Keys, remaining count: 3
2026-05-11 08:44:43.596: [INFO][Sync] Prepare to configure types: Bookmarks, Encryption Keys
2026-05-11 08:44:43.596: [INFO][SyncManagerImpl::ConfigureSyncer] Types to download: Bookmarks, Encryption Keys with reason: 5
2026-05-11 08:44:43.596: [INFO][SyncSchedulerImpl::DoConfigurationSyncCycleJob] Blocked types:  and types to download: Bookmarks, Encryption Keys
2026-05-11 08:44:44.119: [INFO][SyncEngineBackend::DoFinishConfigureDataTypes] Failed to download types:  and succeeded types: Bookmarks, Encryption Keys
2026-05-11 08:44:44.120: [INFO][Sync] ConfigurationDone, failed: , succeeded: Bookmarks, Encryption Keys, remaining count: 2
2026-05-11 08:44:44.120: [INFO][Sync] Prepare to configure types: Autofill Profiles, Autofill, Extensions, Sessions, Extension settings, History Delete Directives, Web Apps, Saved Tab Group, WebAuthn Credentials, Collection, Edge Hub App Usage, Edge Wallet, Edge Workspace, Encryption Keys
2026-05-11 08:44:44.120: [INFO][SyncManagerImpl::ConfigureSyncer] Types to download: Autofill Profiles, Autofill, Extensions, Sessions, Extension settings, History Delete Directives, Web Apps, Saved Tab Group, WebAuthn Credentials, Collection, Edge Hub App Usage, Edge Wallet, Edge Workspace, Encryption Keys with reason: 5
2026-05-11 08:44:44.120: [INFO][SyncSchedulerImpl::DoConfigurationSyncCycleJob] Blocked types:  and types to download: Autofill Profiles, Autofill, Extensions, Sessions, Extension settings, History Delete Directives, Web Apps, Saved Tab Group, WebAuthn Credentials, Collection, Edge Hub App Usage, Edge Wallet, Edge Workspace, Encryption Keys
2026-05-11 08:44:44.749: [INFO][SyncEngineBackend::DoFinishConfigureDataTypes] Failed to download types:  and succeeded types: Autofill Profiles, Autofill, Extensions, Sessions, Extension settings, History Delete Directives, Web Apps, Saved Tab Group, WebAuthn Credentials, Collection, Edge Hub App Usage, Edge Wallet, Edge Workspace, Encryption Keys
2026-05-11 08:44:44.750: [INFO][Sync] ConfigurationDone, failed: , succeeded: Autofill Profiles, Autofill, Extensions, Sessions, Extension settings, History Delete Directives, Web Apps, Saved Tab Group, WebAuthn Credentials, Collection, Edge Hub App Usage, Edge Wallet, Edge Workspace, Encryption Keys, remaining count: 1
2026-05-11 08:44:44.750: [INFO][Sync] Prepare to configure types: History, Encryption Keys
2026-05-11 08:44:44.750: [INFO][SyncManagerImpl::ConfigureSyncer] Types to download: History, Encryption Keys with reason: 5
2026-05-11 08:44:44.751: [INFO][SyncSchedulerImpl::DoConfigurationSyncCycleJob] Blocked types:  and types to download: History, Encryption Keys
2026-05-11 08:44:47.657: [INFO][SyncEngineBackend::DoFinishConfigureDataTypes] Failed to download types:  and succeeded types: History, Encryption Keys
2026-05-11 08:44:47.658: [INFO][Sync] ConfigurationDone, failed: , succeeded: History, Encryption Keys, remaining count: 0
2026-05-11 08:44:47.659: [INFO][Sync]     Configuration completed, state: 7
2026-05-11 08:44:47.659: [INFO][Sync] Configured DataTypeManager: Ok
2026-05-11 08:44:47.661: [INFO][SyncEngineBackend::DoStartSyncing] Start syncing
2026-05-11 08:44:56.965: [INFO][Sync] Reset engine, reason: 0
2026-05-11 08:44:56.965: [INFO][Sync] Reset engine with reason: 0
2026-05-11 08:55:18.814: [INFO][Sync] SyncState after authenticated was: FeatureCanStart
2026-05-11 08:55:20.311: [INFO][SyncAuthManager::SetLastAuthError] Current auth error: None
2026-05-11 08:55:20.311: [INFO][SyncAuthManager::EdgeLogTokenErrorState] Token error with: None for account type: MSA
2026-05-11 08:55:20.311: [INFO][Sync] Credentials changed for: EdgeSyncKeyDataScope
2026-05-11 08:55:23.978: [INFO][Sync] Try to start sync engine
2026-05-11 08:55:23.979: [INFO][SyncEngineBackend::LoadAndConnectNigoriController] Load and connect Nigori controller
2026-05-11 08:55:23.979: [INFO][SyncEngineBackend::DoInitialize] Control Types added: 
2026-05-11 08:55:23.979: [INFO][SyncManagerImpl::ConfigureSyncer] Types to download:  with reason: 4
2026-05-11 08:55:23.980: [INFO][SyncEngineBackend::DoUpdateKeyDataCredentials] Update key data credentials
2026-05-11 08:55:23.982: [INFO][Sync] Started DataTypeManager configuration, reason: 4
2026-05-11 08:55:23.982: [INFO][Sync] Configuring for: Bookmarks, Preferences, Passwords, Autofill Profiles, Autofill, Extensions, Sessions, Extension settings, History Delete Directives, Device Info, User Consents, Send Tab To Self, Web Apps, History, Saved Tab Group, WebAuthn Credentials, Collection, Edge E Drop, Edge Hub App Usage, Edge Wallet, Edge Workspace, Encryption Keys, reason: 4, current state: 0
2026-05-11 08:55:23.982: [INFO][SyncEngineBackend::DoStartConfiguration] Start configuration
2026-05-11 08:55:23.983: [INFO][Sync] Configure, desired: Bookmarks, Preferences, Passwords, Autofill Profiles, Autofill, Extensions, Sessions, Extension settings, History Delete Directives, Device Info, User Consents, Send Tab To Self, Web Apps, History, Saved Tab Group, WebAuthn Credentials, Collection, Edge E Drop, Edge Hub App Usage, Edge Wallet, Edge Workspace, Encryption Keys; Allow fail: 
2026-05-11 08:55:23.983: [INFO][Sync] Loading: Bookmarks
2026-05-11 08:55:23.983: [INFO][Sync] Loading: Preferences
2026-05-11 08:55:23.983: [INFO][Sync] Loading: Passwords
2026-05-11 08:55:23.983: [INFO][Sync] Loading: Autofill Profiles
2026-05-11 08:55:23.983: [INFO][Sync] Loading: Autofill
2026-05-11 08:55:23.983: [INFO][Sync] Loading: Extensions
2026-05-11 08:55:23.983: [INFO][Sync] Loading: Sessions
2026-05-11 08:55:23.983: [INFO][Sync] Loading: Extension settings
2026-05-11 08:55:23.983: [INFO][Sync] Loading: History Delete Directives
2026-05-11 08:55:23.983: [INFO][Sync] Loading: Device Info
2026-05-11 08:55:23.983: [INFO][Sync] Loading: User Consents
2026-05-11 08:55:23.983: [INFO][Sync] Loading: Send Tab To Self
2026-05-11 08:55:23.983: [INFO][Sync] Loading: Web Apps
2026-05-11 08:55:23.983: [INFO][Sync] Loading: History
2026-05-11 08:55:23.983: [INFO][Sync] Loading: Saved Tab Group
2026-05-11 08:55:23.983: [INFO][Sync] Loading: WebAuthn Credentials
2026-05-11 08:55:23.983: [INFO][Sync] Loading: Collection
2026-05-11 08:55:23.983: [INFO][Sync] Loading: Edge E Drop
2026-05-11 08:55:23.983: [INFO][Sync] Loading: Edge Hub App Usage
2026-05-11 08:55:23.983: [INFO][Sync] Loading: Edge Wallet
2026-05-11 08:55:23.983: [INFO][Sync] Loading: Edge Workspace
2026-05-11 08:55:23.985: [INFO][SyncAuthManager::SetLastAuthError] Current auth error: None
2026-05-11 08:55:23.985: [INFO][SyncAuthManager::EdgeLogTokenErrorState] Token error with: None for account type: MSA
2026-05-11 08:55:23.985: [INFO][Sync] Credentials changed for: EdgeSyncScopeNew
2026-05-11 08:55:23.985: [INFO][SyncEngineBackend::DoUpdateCredentials] Update credentials
2026-05-11 08:55:23.985: [INFO][SyncEngineBackend::DoUpdateKeyDataCredentials] Update key data credentials
2026-05-11 08:55:23.988: [INFO][Sync] All data types are ready for configure.
2026-05-11 08:55:23.988: [INFO][SyncManagerImpl::ConfigureSyncer] Types to download:  with reason: 4
2026-05-11 08:55:23.988: [INFO][SyncEngineBackend::DoFinishConfigureDataTypes] Failed to download types:  and succeeded types: 
2026-05-11 08:55:23.988: [INFO][Sync] ConfigurationDone, failed: , succeeded: , remaining count: 4
2026-05-11 08:55:23.988: [INFO][SyncManagerImpl::ConfigureSyncer] Types to download:  with reason: 4
2026-05-11 08:55:23.988: [INFO][SyncEngineBackend::DoFinishConfigureDataTypes] Failed to download types:  and succeeded types: 
2026-05-11 08:55:23.988: [INFO][Sync] ConfigurationDone, failed: , succeeded: , remaining count: 3
2026-05-11 08:55:23.988: [INFO][SyncManagerImpl::ConfigureSyncer] Types to download:  with reason: 4
2026-05-11 08:55:23.988: [INFO][SyncEngineBackend::DoFinishConfigureDataTypes] Failed to download types:  and succeeded types: 
2026-05-11 08:55:23.988: [INFO][Sync] ConfigurationDone, failed: , succeeded: , remaining count: 2
2026-05-11 08:55:23.988: [INFO][SyncManagerImpl::ConfigureSyncer] Types to download:  with reason: 4
2026-05-11 08:55:23.988: [INFO][SyncEngineBackend::DoFinishConfigureDataTypes] Failed to download types:  and succeeded types: 
2026-05-11 08:55:23.989: [INFO][Sync] ConfigurationDone, failed: , succeeded: , remaining count: 1
2026-05-11 08:55:23.990: [INFO][SyncManagerImpl::ConfigureSyncer] Types to download:  with reason: 4
2026-05-11 08:55:23.990: [INFO][SyncEngineBackend::DoFinishConfigureDataTypes] Failed to download types:  and succeeded types: 
2026-05-11 08:55:23.991: [INFO][Sync] ConfigurationDone, failed: , succeeded: , remaining count: 0
2026-05-11 08:55:23.992: [INFO][Sync]     Configuration completed, state: 3
2026-05-11 08:55:23.992: [INFO][Sync] Configured DataTypeManager: Ok
2026-05-11 08:55:23.994: [INFO][SyncEngineBackend::DoStartSyncing] Start syncing
2026-05-11 08:56:44.048: [INFO][Sync] Reset engine, reason: 0
2026-05-11 08:56:44.048: [INFO][Sync] Reset engine with reason: 0
